#
# There is insufficient memory for the Java Runtime Environment to continue.
# Native memory allocation (malloc) failed to allocate 1048576 bytes. Error detail: AllocateHeap
# Possible reasons:
#   The system is out of physical RAM or swap space
#   This process is running with CompressedOops enabled, and the Java Heap may be blocking the growth of the native heap
# Possible solutions:
#   Reduce memory load on the system
#   Increase physical memory or swap space
#   Check if swap backing store is full
#   Decrease Java heap size (-Xmx/-Xms)
#   Decrease number of Java threads
#   Decrease Java thread stack sizes (-Xss)
#   Set larger code cache with -XX:ReservedCodeCacheSize=
#   JVM is running with Unscaled Compressed Oops mode in which the Java heap is
#     placed in the first 4GB address space. The Java Heap base address is the
#     maximum limit for the native heap growth. Please use -XX:HeapBaseMinAddress
#     to set the Java Heap base and to place the Java Heap above 4GB virtual address.
# This output file may be truncated or incomplete.
#
#  Out of Memory Error (allocation.cpp:44), pid=50472, tid=50896
#
# JRE version: OpenJDK Runtime Environment Temurin-21.0.10+7 (21.0.10+7) (build 21.0.10+7-LTS)
# Java VM: OpenJDK 64-Bit Server VM Temurin-21.0.10+7 (21.0.10+7-LTS, mixed mode, sharing, tiered, compressed oops, compressed class ptrs, parallel gc, windows-amd64)
# No core dump will be written. Minidumps are not enabled by default on client versions of Windows
#

---------------  S U M M A R Y ------------

Command Line: --add-modules=ALL-SYSTEM --add-opens=java.base/java.util=ALL-UNNAMED --add-opens=java.base/java.lang=ALL-UNNAMED --add-opens=java.base/sun.nio.fs=ALL-UNNAMED -Declipse.application=org.eclipse.jdt.ls.core.id1 -Dosgi.bundles.defaultStartLevel=4 -Declipse.product=org.eclipse.jdt.ls.core.product -Djava.import.generatesMetadataFilesAtProjectRoot=false -DDetectVMInstallationsJob.disabled=true -Dfile.encoding=utf8 -XX:+UseParallelGC -XX:GCTimeRatio=4 -XX:AdaptiveSizePolicyWeight=90 -Dsun.zip.disableMemoryMapping=true -Xmx2G -Xms100m -Xlog:disable -javaagent:c:\Users\Lenovo\.vscode\extensions\redhat.java-1.54.0-win32-x64\lombok\lombok-1.18.39-4050.jar -XX:+HeapDumpOnOutOfMemoryError -XX:HeapDumpPath=c:\Users\Lenovo\AppData\Roaming\Code\User\workspaceStorage\bb12e9bb2b7a8a6a28c455b5a8dcb1ca\redhat.java -Daether.dependencyCollector.impl=bf c:\Users\Lenovo\.vscode\extensions\redhat.java-1.54.0-win32-x64\server\plugins\org.eclipse.equinox.launcher_1.7.100.v20251111-0406.jar -configuration c:\Users\Lenovo\AppData\Roaming\Code\User\globalStorage\redhat.java\1.54.0\config_win -data c:\Users\Lenovo\AppData\Roaming\Code\User\workspaceStorage\bb12e9bb2b7a8a6a28c455b5a8dcb1ca\redhat.java\jdt_ws --pipe=\\.\pipe\lsp-09aeed4a521eb1e65f3abcb2e52276eb-sock

Host: 12th Gen Intel(R) Core(TM) i5-12450H, 12 cores, 15G,  Windows 11 , 64 bit Build 26100 (10.0.26100.8521)
Time: Wed Jun 10 13:01:58 2026 SE Asia Standard Time elapsed time: 41849.365138 seconds (0d 11h 37m 29s)

---------------  T H R E A D  ---------------

Current thread (0x000001d99ce84a30):  JavaThread "Attach Listener" daemon [_thread_in_vm, id=50896, stack(0x000000d629800000,0x000000d629900000) (1024K)]

Stack: [0x000000d629800000,0x000000d629900000]
Native frames: (J=compiled Java code, j=interpreted, Vv=VM code, C=native code)
V  [jvm.dll+0x6d7a39]
V  [jvm.dll+0x8b4b26]
V  [jvm.dll+0x8b70de]
V  [jvm.dll+0x8b77c3]
V  [jvm.dll+0x284346]
V  [jvm.dll+0xc1277]
V  [jvm.dll+0x6d82e9]
V  [jvm.dll+0x1334a6]
V  [jvm.dll+0x3f857e]
V  [jvm.dll+0x85f59d]
V  [jvm.dll+0x6d626d]
C  [ucrtbase.dll+0x2cd30]
C  [KERNEL32.DLL+0x2e957]
C  [ntdll.dll+0x87c1c]


---------------  P R O C E S S  ---------------

Threads class SMR info:
_java_thread_list=0x000001d9ff2e3d70, length=38, elements={
0x000001d99a97f1b0, 0x000001d99ce7af70, 0x000001d99ce7d2f0, 0x000001d99ce80850,
0x000001d99ce84a30, 0x000001d99ce85840, 0x000001d99ce862a0, 0x000001d99ce870e0,
0x000001d9f5d0bee0, 0x000001d9f5f20000, 0x000001d9f603f530, 0x000001d9fba0e7f0,
0x000001d9fbaf6f20, 0x000001d9fb689290, 0x000001d9fb689cd0, 0x000001d9fbbd1fa0,
0x000001d9fc0185b0, 0x000001d9f5e84c80, 0x000001d9fcb4b560, 0x000001d9fcb48e00,
0x000001d9fd7757a0, 0x000001d9fd775e30, 0x000001d9fd774a80, 0x000001d9fd7764c0,
0x000001d9fd776b50, 0x000001d9fd7771e0, 0x000001d9fd777870, 0x000001d9fd7743f0,
0x000001d9fde4f680, 0x000001d9fde4e2d0, 0x000001d9fde4e960, 0x000001d9fde50a30,
0x000001d9fde4eff0, 0x000001d9fde510c0, 0x000001d9fde4fd10, 0x000001d9fde4dc40,
0x000001d9ffcba4c0, 0x000001d9ffcbb870
}

Java Threads: ( => current thread )
  0x000001d99a97f1b0 JavaThread "main"                              [_thread_blocked, id=44456, stack(0x000000d629100000,0x000000d629200000) (1024K)]
  0x000001d99ce7af70 JavaThread "Reference Handler"          daemon [_thread_blocked, id=41852, stack(0x000000d629500000,0x000000d629600000) (1024K)]
  0x000001d99ce7d2f0 JavaThread "Finalizer"                  daemon [_thread_blocked, id=22980, stack(0x000000d629600000,0x000000d629700000) (1024K)]
  0x000001d99ce80850 JavaThread "Signal Dispatcher"          daemon [_thread_blocked, id=16060, stack(0x000000d629700000,0x000000d629800000) (1024K)]
=>0x000001d99ce84a30 JavaThread "Attach Listener"            daemon [_thread_in_vm, id=50896, stack(0x000000d629800000,0x000000d629900000) (1024K)]
  0x000001d99ce85840 JavaThread "Service Thread"             daemon [_thread_blocked, id=41820, stack(0x000000d629900000,0x000000d629a00000) (1024K)]
  0x000001d99ce862a0 JavaThread "Monitor Deflation Thread"   daemon [_thread_blocked, id=22520, stack(0x000000d629a00000,0x000000d629b00000) (1024K)]
  0x000001d99ce870e0 JavaThread "C2 CompilerThread0"         daemon [_thread_blocked, id=22340, stack(0x000000d629b00000,0x000000d629c00000) (1024K)]
  0x000001d9f5d0bee0 JavaThread "C1 CompilerThread0"         daemon [_thread_blocked, id=1612, stack(0x000000d629c00000,0x000000d629d00000) (1024K)]
  0x000001d9f5f20000 JavaThread "Common-Cleaner"             daemon [_thread_blocked, id=31324, stack(0x000000d629e00000,0x000000d629f00000) (1024K)]
  0x000001d9f603f530 JavaThread "Notification Thread"        daemon [_thread_blocked, id=44724, stack(0x000000d629f00000,0x000000d62a000000) (1024K)]
  0x000001d9fba0e7f0 JavaThread "Active Thread: Equinox Container: 4f688d4b-6210-4d8a-868e-7a51075830c5"        [_thread_blocked, id=30764, stack(0x000000d62a700000,0x000000d62a800000) (1024K)]
  0x000001d9fbaf6f20 JavaThread "Refresh Thread: Equinox Container: 4f688d4b-6210-4d8a-868e-7a51075830c5" daemon [_thread_blocked, id=36656, stack(0x000000d62a000000,0x000000d62a100000) (1024K)]
  0x000001d9fb689290 JavaThread "Framework Event Dispatcher: Equinox Container: 4f688d4b-6210-4d8a-868e-7a51075830c5" daemon [_thread_blocked, id=15192, stack(0x000000d62a800000,0x000000d62a900000) (1024K)]
  0x000001d9fb689cd0 JavaThread "Start Level: Equinox Container: 4f688d4b-6210-4d8a-868e-7a51075830c5" daemon [_thread_blocked, id=32412, stack(0x000000d62a900000,0x000000d62aa00000) (1024K)]
  0x000001d9fbbd1fa0 JavaThread "Bundle File Closer"         daemon [_thread_blocked, id=16636, stack(0x000000d62ac00000,0x000000d62ad00000) (1024K)]
  0x000001d9fc0185b0 JavaThread "SCR Component Actor"        daemon [_thread_blocked, id=34384, stack(0x000000d628f00000,0x000000d629000000) (1024K)]
  0x000001d9f5e84c80 JavaThread "Worker-JM"                         [_thread_blocked, id=48464, stack(0x000000d62ad00000,0x000000d62ae00000) (1024K)]
  0x000001d9fcb4b560 JavaThread "JNA Cleaner"                daemon [_thread_blocked, id=34860, stack(0x000000d62ae00000,0x000000d62af00000) (1024K)]
  0x000001d9fcb48e00 JavaThread "Java indexing"              daemon [_thread_blocked, id=30056, stack(0x000000d62b300000,0x000000d62b400000) (1024K)]
  0x000001d9fd7757a0 JavaThread "Thread-1"                   daemon [_thread_in_native, id=41724, stack(0x000000d62b900000,0x000000d62ba00000) (1024K)]
  0x000001d9fd775e30 JavaThread "Thread-2"                   daemon [_thread_in_native, id=52056, stack(0x000000d62ba00000,0x000000d62bb00000) (1024K)]
  0x000001d9fd774a80 JavaThread "Thread-3"                   daemon [_thread_in_native, id=3008, stack(0x000000d62bb00000,0x000000d62bc00000) (1024K)]
  0x000001d9fd7764c0 JavaThread "Thread-4"                   daemon [_thread_in_native, id=6076, stack(0x000000d62bc00000,0x000000d62bd00000) (1024K)]
  0x000001d9fd776b50 JavaThread "Thread-5"                   daemon [_thread_in_native, id=2544, stack(0x000000d62bd00000,0x000000d62be00000) (1024K)]
  0x000001d9fd7771e0 JavaThread "Thread-6"                   daemon [_thread_in_native, id=32364, stack(0x000000d62be00000,0x000000d62bf00000) (1024K)]
  0x000001d9fd777870 JavaThread "Thread-7"                   daemon [_thread_in_native, id=1828, stack(0x000000d62bf00000,0x000000d62c000000) (1024K)]
  0x000001d9fd7743f0 JavaThread "Thread-8"                   daemon [_thread_in_native, id=42620, stack(0x000000d62c000000,0x000000d62c100000) (1024K)]
  0x000001d9fde4f680 JavaThread "Thread-9"                   daemon [_thread_in_native, id=7640, stack(0x000000d62c100000,0x000000d62c200000) (1024K)]
  0x000001d9fde4e2d0 JavaThread "Thread-10"                  daemon [_thread_in_native, id=10232, stack(0x000000d62c200000,0x000000d62c300000) (1024K)]
  0x000001d9fde4e960 JavaThread "Thread-11"                  daemon [_thread_in_native, id=45012, stack(0x000000d62c300000,0x000000d62c400000) (1024K)]
  0x000001d9fde50a30 JavaThread "Thread-12"                  daemon [_thread_in_native, id=51608, stack(0x000000d62c400000,0x000000d62c500000) (1024K)]
  0x000001d9fde4eff0 JavaThread "Thread-13"                  daemon [_thread_in_native, id=33384, stack(0x000000d62c500000,0x000000d62c600000) (1024K)]
  0x000001d9fde510c0 JavaThread "pool-2-thread-1"                   [_thread_blocked, id=43884, stack(0x000000d62c600000,0x000000d62c700000) (1024K)]
  0x000001d9fde4fd10 JavaThread "WorkspaceEventsHandler"            [_thread_blocked, id=30500, stack(0x000000d62c700000,0x000000d62c800000) (1024K)]
  0x000001d9fde4dc40 JavaThread "pool-1-thread-1"                   [_thread_blocked, id=40120, stack(0x000000d62c800000,0x000000d62c900000) (1024K)]
  0x000001d9ffcba4c0 JavaThread "Worker-45"                         [_thread_blocked, id=52548, stack(0x000000d628e00000,0x000000d628f00000) (1024K)]
  0x000001d9ffcbb870 JavaThread "Worker-46"                         [_thread_blocked, id=18660, stack(0x000000d62af00000,0x000000d62b000000) (1024K)]
Total: 38

Other Threads:
  0x000001d99cf889b0 VMThread "VM Thread"                           [id=11872, stack(0x000000d629400000,0x000000d629500000) (1024K)]
  0x000001d99cd6c180 WatcherThread "VM Periodic Task Thread"        [id=5092, stack(0x000000d629300000,0x000000d629400000) (1024K)]
  0x000001d99cf052d0 WorkerThread "GC Thread#0"                     [id=43120, stack(0x000000d629200000,0x000000d629300000) (1024K)]
  0x000001d9fb1e5730 WorkerThread "GC Thread#1"                     [id=37068, stack(0x000000d62a100000,0x000000d62a200000) (1024K)]
  0x000001d9fb1e6240 WorkerThread "GC Thread#2"                     [id=30776, stack(0x000000d62a200000,0x000000d62a300000) (1024K)]
  0x000001d9fb1e4c20 WorkerThread "GC Thread#3"                     [id=19744, stack(0x000000d62a300000,0x000000d62a400000) (1024K)]
  0x000001d9fb1e5ae0 WorkerThread "GC Thread#4"                     [id=17184, stack(0x000000d62a400000,0x000000d62a500000) (1024K)]
  0x000001d9fb1e65f0 WorkerThread "GC Thread#5"                     [id=44988, stack(0x000000d62a500000,0x000000d62a600000) (1024K)]
  0x000001d9fb1e5e90 WorkerThread "GC Thread#6"                     [id=46568, stack(0x000000d62a600000,0x000000d62a700000) (1024K)]
  0x000001d9fb7e3340 WorkerThread "GC Thread#7"                     [id=41468, stack(0x000000d629d00000,0x000000d629e00000) (1024K)]
  0x000001d9fb7e3e50 WorkerThread "GC Thread#8"                     [id=21928, stack(0x000000d62aa00000,0x000000d62ab00000) (1024K)]
  0x000001d9fb7e36f0 WorkerThread "GC Thread#9"                     [id=10408, stack(0x000000d62ab00000,0x000000d62ac00000) (1024K)]
Total: 12

Threads with active compile tasks:
Total: 0

VM state: not at safepoint (normal execution)

VM Mutex/Monitor currently owned by a thread: None

Heap address: 0x0000000080000000, size: 2048 MB, Compressed Oops mode: 32-bit

CDS archive(s) mapped at: [0x000001d9b4000000-0x000001d9b4ba0000-0x000001d9b4ba0000), size 12189696, SharedBaseAddress: 0x000001d9b4000000, ArchiveRelocationMode: 1.
Compressed class space mapped at: 0x000001d9b5000000-0x000001d9f5000000, reserved size: 1073741824
Narrow klass base: 0x000001d9b4000000, Narrow klass shift: 0, Narrow klass range: 0x100000000

GC Precious Log:
 CardTable entry size: 512
 CPUs: 12 total, 12 available
 Memory: 16076M
 Large Page Support: Disabled
 NUMA Support: Disabled
 Compressed Oops: Enabled (32-bit)
 Alignments: Space 512K, Generation 512K, Heap 2M
 Heap Min Capacity: 100M
 Heap Initial Capacity: 100M
 Heap Max Capacity: 2G
 Pre-touch: Disabled
 Parallel Workers: 10

Heap:
 PSYoungGen      total 4096K, used 3911K [0x00000000d5580000, 0x00000000d5b80000, 0x0000000100000000)
  eden space 3584K, 96% used [0x00000000d5580000,0x00000000d58e1ce0,0x00000000d5900000)
  from space 512K, 87% used [0x00000000d5b00000,0x00000000d5b70000,0x00000000d5b80000)
  to   space 512K, 0% used [0x00000000d5a80000,0x00000000d5a80000,0x00000000d5b00000)
 ParOldGen       total 613376K, used 448593K [0x0000000080000000, 0x00000000a5700000, 0x00000000d5580000)
  object space 613376K, 73% used [0x0000000080000000,0x000000009b6145c8,0x00000000a5700000)
 Metaspace       used 81120K, committed 82944K, reserved 1179648K
  class space    used 8125K, committed 8960K, reserved 1048576K

Card table byte_map: [0x000001d99c880000,0x000001d99cc90000] _byte_map_base: 0x000001d99c480000

Marking Bits: (ParMarkBitMap*) 0x00007ffa64263450
 Begin Bits: [0x000001d9af390000, 0x000001d9b1390000)
 End Bits:   [0x000001d9b1390000, 0x000001d9b3390000)

Polling page: 0x000001d99acc0000

Metaspace:

Usage:
  Non-class:     71.28 MB used.
      Class:      7.94 MB used.
       Both:     79.22 MB used.

Virtual space:
  Non-class space:      128.00 MB reserved,      72.25 MB ( 56%) committed,  2 nodes.
      Class space:        1.00 GB reserved,       8.75 MB ( <1%) committed,  1 nodes.
             Both:        1.12 GB reserved,      81.00 MB (  7%) committed. 

Chunk freelists:
   Non-Class:  7.23 MB
       Class:  7.14 MB
        Both:  14.37 MB

MaxMetaspaceSize: unlimited
CompressedClassSpaceSize: 1.00 GB
Initial GC threshold: 21.00 MB
Current GC threshold: 131.50 MB
CDS: on
 - commit_granule_bytes: 65536.
 - commit_granule_words: 8192.
 - virtual_space_node_default_size: 8388608.
 - enlarge_chunks_in_place: 1.
 - use_allocation_guard: 0.


Internal statistics:

num_allocs_failed_limit: 9.
num_arena_births: 1762.
num_arena_deaths: 162.
num_vsnodes_births: 3.
num_vsnodes_deaths: 0.
num_space_committed: 1296.
num_space_uncommitted: 0.
num_chunks_returned_to_freelist: 238.
num_chunks_taken_from_freelist: 5858.
num_chunk_merges: 107.
num_chunk_splits: 3391.
num_chunks_enlarged: 1706.
num_inconsistent_stats: 0.

CodeHeap 'non-profiled nmethods': size=120000Kb used=28960Kb max_used=28960Kb free=91039Kb
 bounds [0x000001d9a7bb0000, 0x000001d9a9800000, 0x000001d9af0e0000]
CodeHeap 'profiled nmethods': size=120000Kb used=46115Kb max_used=49918Kb free=73885Kb
 bounds [0x000001d9a00e0000, 0x000001d9a31a0000, 0x000001d9a7610000]
CodeHeap 'non-nmethods': size=5760Kb used=1492Kb max_used=1603Kb free=4267Kb
 bounds [0x000001d9a7610000, 0x000001d9a7880000, 0x000001d9a7bb0000]
CodeCache: size=245760Kb, used=76567Kb, max_used=80481Kb, free=169191Kb
 total_blobs=19802, nmethods=18991, adapters=714, full_count=0
Compilation: enabled, stopped_count=0, restarted_count=0

Compilation events (20 events):
Event: 37985.034 Thread 0x000001d9f5d0bee0 23834       3       java.util.logging.LogManager::demandLogger (23 bytes)
Event: 37985.035 Thread 0x000001d9f5d0bee0 nmethod 23834 0x000001d9a0ee9f90 code [0x000001d9a0eea140, 0x000001d9a0eea308]
Event: 37985.035 Thread 0x000001d9f5d0bee0 23835       3       java.util.logging.LogManager::demandLogger (53 bytes)
Event: 37985.038 Thread 0x000001d9f5d0bee0 nmethod 23835 0x000001d9a1843f10 code [0x000001d9a1844140, 0x000001d9a1844798]
Event: 37985.038 Thread 0x000001d9f5d0bee0 23836       3       java.util.logging.LogManager::getLogger (9 bytes)
Event: 37985.039 Thread 0x000001d9f5d0bee0 nmethod 23836 0x000001d9a0f81290 code [0x000001d9a0f81440, 0x000001d9a0f81650]
Event: 38382.133 Thread 0x000001d99ce870e0 23837       4       java.util.concurrent.locks.AbstractQueuedSynchronizer$Node::clearStatus (12 bytes)
Event: 38382.137 Thread 0x000001d99ce870e0 nmethod 23837 0x000001d9a97f7d90 code [0x000001d9a97f7f20, 0x000001d9a97f7fb0]
Event: 38416.369 Thread 0x000001d9f5d0bee0 23838   !   3       org.eclipse.osgi.container.ModuleDatabase::getTimestamp (25 bytes)
Event: 38416.429 Thread 0x000001d9f5d0bee0 nmethod 23838 0x000001d9a1842d10 code [0x000001d9a1842f60, 0x000001d9a18438a8]
Event: 38506.398 Thread 0x000001d9f5d0bee0 23839       3       org.eclipse.osgi.storage.Storage::isReadOnly (10 bytes)
Event: 38506.405 Thread 0x000001d9f5d0bee0 nmethod 23839 0x000001d9a1ac0110 code [0x000001d9a1ac02c0, 0x000001d9a1ac0440]
Event: 38776.481 Thread 0x000001d9f5d0bee0 23840   !   3       org.eclipse.osgi.internal.framework.StorageSaver$StorageSaverTask::run (31 bytes)
Event: 38776.547 Thread 0x000001d9f5d0bee0 nmethod 23840 0x000001d9a1a8dd10 code [0x000001d9a1a8dee0, 0x000001d9a1a8e180]
Event: 38795.275 Thread 0x000001d9f5d0bee0 23843       3       java.util.logging.Logger::getLogger (8 bytes)
Event: 38795.290 Thread 0x000001d9f5d0bee0 nmethod 23843 0x000001d9a1abfc10 code [0x000001d9a1abfde0, 0x000001d9a1abffa0]
Event: 38795.290 Thread 0x000001d9f5d0bee0 23844       3       java.util.logging.Logger::getLogger (7 bytes)
Event: 38795.290 Thread 0x000001d9f5d0bee0 nmethod 23844 0x000001d9a0cf7790 code [0x000001d9a0cf7940, 0x000001d9a0cf7a68]
Event: 38795.290 Thread 0x000001d9f5d0bee0 23845       3       java.util.logging.Logger::demandLogger (36 bytes)
Event: 38795.294 Thread 0x000001d9f5d0bee0 nmethod 23845 0x000001d9a1a8cb90 code [0x000001d9a1a8ce20, 0x000001d9a1a8d8d0]

GC Heap History (20 events):
Event: 4559.605 GC heap before
{Heap before GC invocations=4460 (full 5):
 PSYoungGen      total 6144K, used 5474K [0x00000000d5580000, 0x00000000d5d80000, 0x0000000100000000)
  eden space 3584K, 100% used [0x00000000d5580000,0x00000000d5900000,0x00000000d5900000)
  from space 2560K, 73% used [0x00000000d5b00000,0x00000000d5cd89a0,0x00000000d5d80000)
  to   space 2048K, 0% used [0x00000000d5900000,0x00000000d5900000,0x00000000d5b00000)
 ParOldGen       total 613376K, used 412824K [0x0000000080000000, 0x00000000a5700000, 0x00000000d5580000)
  object space 613376K, 67% used [0x0000000080000000,0x00000000993260b8,0x00000000a5700000)
 Metaspace       used 81068K, committed 82816K, reserved 1179648K
  class space    used 8125K, committed 8960K, reserved 1048576K
}
Event: 4559.614 GC heap after
{Heap after GC invocations=4460 (full 5):
 PSYoungGen      total 5632K, used 1024K [0x00000000d5580000, 0x00000000d5d00000, 0x0000000100000000)
  eden space 3584K, 0% used [0x00000000d5580000,0x00000000d5580000,0x00000000d5900000)
  from space 2048K, 50% used [0x00000000d5900000,0x00000000d5a00000,0x00000000d5b00000)
  to   space 1536K, 0% used [0x00000000d5b80000,0x00000000d5b80000,0x00000000d5d00000)
 ParOldGen       total 613376K, used 414563K [0x0000000080000000, 0x00000000a5700000, 0x00000000d5580000)
  object space 613376K, 67% used [0x0000000080000000,0x00000000994d8f18,0x00000000a5700000)
 Metaspace       used 81068K, committed 82816K, reserved 1179648K
  class space    used 8125K, committed 8960K, reserved 1048576K
}
Event: 4559.664 GC heap before
{Heap before GC invocations=4461 (full 5):
 PSYoungGen      total 5632K, used 4608K [0x00000000d5580000, 0x00000000d5d00000, 0x0000000100000000)
  eden space 3584K, 100% used [0x00000000d5580000,0x00000000d5900000,0x00000000d5900000)
  from space 2048K, 50% used [0x00000000d5900000,0x00000000d5a00000,0x00000000d5b00000)
  to   space 1536K, 0% used [0x00000000d5b80000,0x00000000d5b80000,0x00000000d5d00000)
 ParOldGen       total 613376K, used 422243K [0x0000000080000000, 0x00000000a5700000, 0x00000000d5580000)
  object space 613376K, 68% used [0x0000000080000000,0x0000000099c58f28,0x00000000a5700000)
 Metaspace       used 81070K, committed 82816K, reserved 1179648K
  class space    used 8125K, committed 8960K, reserved 1048576K
}
Event: 4559.667 GC heap after
{Heap after GC invocations=4461 (full 5):
 PSYoungGen      total 4608K, used 736K [0x00000000d5580000, 0x00000000d5c80000, 0x0000000100000000)
  eden space 3584K, 0% used [0x00000000d5580000,0x00000000d5580000,0x00000000d5900000)
  from space 1024K, 71% used [0x00000000d5b80000,0x00000000d5c38000,0x00000000d5c80000)
  to   space 1024K, 0% used [0x00000000d5a80000,0x00000000d5a80000,0x00000000d5b80000)
 ParOldGen       total 613376K, used 423125K [0x0000000080000000, 0x00000000a5700000, 0x00000000d5580000)
  object space 613376K, 68% used [0x0000000080000000,0x0000000099d355a8,0x00000000a5700000)
 Metaspace       used 81070K, committed 82816K, reserved 1179648K
  class space    used 8125K, committed 8960K, reserved 1048576K
}
Event: 4559.728 GC heap before
{Heap before GC invocations=4462 (full 5):
 PSYoungGen      total 4608K, used 4320K [0x00000000d5580000, 0x00000000d5c80000, 0x0000000100000000)
  eden space 3584K, 100% used [0x00000000d5580000,0x00000000d5900000,0x00000000d5900000)
  from space 1024K, 71% used [0x00000000d5b80000,0x00000000d5c38000,0x00000000d5c80000)
  to   space 1024K, 0% used [0x00000000d5a80000,0x00000000d5a80000,0x00000000d5b80000)
 ParOldGen       total 613376K, used 434645K [0x0000000080000000, 0x00000000a5700000, 0x00000000d5580000)
  object space 613376K, 70% used [0x0000000080000000,0x000000009a8755b8,0x00000000a5700000)
 Metaspace       used 81073K, committed 82816K, reserved 1179648K
  class space    used 8125K, committed 8960K, reserved 1048576K
}
Event: 4559.732 GC heap after
{Heap after GC invocations=4462 (full 5):
 PSYoungGen      total 4608K, used 1008K [0x00000000d5580000, 0x00000000d5d00000, 0x0000000100000000)
  eden space 3584K, 0% used [0x00000000d5580000,0x00000000d5580000,0x00000000d5900000)
  from space 1024K, 98% used [0x00000000d5a80000,0x00000000d5b7c010,0x00000000d5b80000)
  to   space 1536K, 0% used [0x00000000d5b80000,0x00000000d5b80000,0x00000000d5d00000)
 ParOldGen       total 613376K, used 435196K [0x0000000080000000, 0x00000000a5700000, 0x00000000d5580000)
  object space 613376K, 70% used [0x0000000080000000,0x000000009a8ff340,0x00000000a5700000)
 Metaspace       used 81073K, committed 82816K, reserved 1179648K
  class space    used 8125K, committed 8960K, reserved 1048576K
}
Event: 4559.857 GC heap before
{Heap before GC invocations=4463 (full 5):
 PSYoungGen      total 4608K, used 4592K [0x00000000d5580000, 0x00000000d5d00000, 0x0000000100000000)
  eden space 3584K, 100% used [0x00000000d5580000,0x00000000d5900000,0x00000000d5900000)
  from space 1024K, 98% used [0x00000000d5a80000,0x00000000d5b7c010,0x00000000d5b80000)
  to   space 1536K, 0% used [0x00000000d5b80000,0x00000000d5b80000,0x00000000d5d00000)
 ParOldGen       total 613376K, used 446716K [0x0000000080000000, 0x00000000a5700000, 0x00000000d5580000)
  object space 613376K, 72% used [0x0000000080000000,0x000000009b43f350,0x00000000a5700000)
 Metaspace       used 81076K, committed 82816K, reserved 1179648K
  class space    used 8125K, committed 8960K, reserved 1048576K
}
Event: 4559.863 GC heap after
{Heap after GC invocations=4463 (full 5):
 PSYoungGen      total 4096K, used 448K [0x00000000d5580000, 0x00000000d5c00000, 0x0000000100000000)
  eden space 3584K, 0% used [0x00000000d5580000,0x00000000d5580000,0x00000000d5900000)
  from space 512K, 87% used [0x00000000d5b80000,0x00000000d5bf0000,0x00000000d5c00000)
  to   space 1024K, 0% used [0x00000000d5a00000,0x00000000d5a00000,0x00000000d5b00000)
 ParOldGen       total 613376K, used 447635K [0x0000000080000000, 0x00000000a5700000, 0x00000000d5580000)
  object space 613376K, 72% used [0x0000000080000000,0x000000009b524c80,0x00000000a5700000)
 Metaspace       used 81076K, committed 82816K, reserved 1179648K
  class space    used 8125K, committed 8960K, reserved 1048576K
}
Event: 4639.925 GC heap before
{Heap before GC invocations=4464 (full 5):
 PSYoungGen      total 4096K, used 4032K [0x00000000d5580000, 0x00000000d5c00000, 0x0000000100000000)
  eden space 3584K, 100% used [0x00000000d5580000,0x00000000d5900000,0x00000000d5900000)
  from space 512K, 87% used [0x00000000d5b80000,0x00000000d5bf0000,0x00000000d5c00000)
  to   space 1024K, 0% used [0x00000000d5a00000,0x00000000d5a00000,0x00000000d5b00000)
 ParOldGen       total 613376K, used 447635K [0x0000000080000000, 0x00000000a5700000, 0x00000000d5580000)
  object space 613376K, 72% used [0x0000000080000000,0x000000009b524c80,0x00000000a5700000)
 Metaspace       used 81085K, committed 82816K, reserved 1179648K
  class space    used 8125K, committed 8960K, reserved 1048576K
}
Event: 4639.930 GC heap after
{Heap after GC invocations=4464 (full 5):
 PSYoungGen      total 4608K, used 633K [0x00000000d5580000, 0x00000000d5c00000, 0x0000000100000000)
  eden space 3584K, 0% used [0x00000000d5580000,0x00000000d5580000,0x00000000d5900000)
  from space 1024K, 61% used [0x00000000d5a00000,0x00000000d5a9e700,0x00000000d5b00000)
  to   space 1024K, 0% used [0x00000000d5b00000,0x00000000d5b00000,0x00000000d5c00000)
 ParOldGen       total 613376K, used 447927K [0x0000000080000000, 0x00000000a5700000, 0x00000000d5580000)
  object space 613376K, 73% used [0x0000000080000000,0x000000009b56de88,0x00000000a5700000)
 Metaspace       used 81085K, committed 82816K, reserved 1179648K
  class space    used 8125K, committed 8960K, reserved 1048576K
}
Event: 4688.473 GC heap before
{Heap before GC invocations=4465 (full 5):
 PSYoungGen      total 4608K, used 4217K [0x00000000d5580000, 0x00000000d5c00000, 0x0000000100000000)
  eden space 3584K, 100% used [0x00000000d5580000,0x00000000d5900000,0x00000000d5900000)
  from space 1024K, 61% used [0x00000000d5a00000,0x00000000d5a9e700,0x00000000d5b00000)
  to   space 1024K, 0% used [0x00000000d5b00000,0x00000000d5b00000,0x00000000d5c00000)
 ParOldGen       total 613376K, used 447927K [0x0000000080000000, 0x00000000a5700000, 0x00000000d5580000)
  object space 613376K, 73% used [0x0000000080000000,0x000000009b56de88,0x00000000a5700000)
 Metaspace       used 81085K, committed 82816K, reserved 1179648K
  class space    used 8125K, committed 8960K, reserved 1048576K
}
Event: 4688.477 GC heap after
{Heap after GC invocations=4465 (full 5):
 PSYoungGen      total 4608K, used 608K [0x00000000d5580000, 0x00000000d5c00000, 0x0000000100000000)
  eden space 3584K, 0% used [0x00000000d5580000,0x00000000d5580000,0x00000000d5900000)
  from space 1024K, 59% used [0x00000000d5b00000,0x00000000d5b98020,0x00000000d5c00000)
  to   space 1024K, 0% used [0x00000000d5a00000,0x00000000d5a00000,0x00000000d5b00000)
 ParOldGen       total 613376K, used 448177K [0x0000000080000000, 0x00000000a5700000, 0x00000000d5580000)
  object space 613376K, 73% used [0x0000000080000000,0x000000009b5ac598,0x00000000a5700000)
 Metaspace       used 81085K, committed 82816K, reserved 1179648K
  class space    used 8125K, committed 8960K, reserved 1048576K
}
Event: 4735.650 GC heap before
{Heap before GC invocations=4466 (full 5):
 PSYoungGen      total 4608K, used 4192K [0x00000000d5580000, 0x00000000d5c00000, 0x0000000100000000)
  eden space 3584K, 100% used [0x00000000d5580000,0x00000000d5900000,0x00000000d5900000)
  from space 1024K, 59% used [0x00000000d5b00000,0x00000000d5b98020,0x00000000d5c00000)
  to   space 1024K, 0% used [0x00000000d5a00000,0x00000000d5a00000,0x00000000d5b00000)
 ParOldGen       total 613376K, used 448177K [0x0000000080000000, 0x00000000a5700000, 0x00000000d5580000)
  object space 613376K, 73% used [0x0000000080000000,0x000000009b5ac598,0x00000000a5700000)
 Metaspace       used 81089K, committed 82816K, reserved 1179648K
  class space    used 8125K, committed 8960K, reserved 1048576K
}
Event: 4735.673 GC heap after
{Heap after GC invocations=4466 (full 5):
 PSYoungGen      total 4608K, used 672K [0x00000000d5580000, 0x00000000d5b80000, 0x0000000100000000)
  eden space 3584K, 0% used [0x00000000d5580000,0x00000000d5580000,0x00000000d5900000)
  from space 1024K, 65% used [0x00000000d5a00000,0x00000000d5aa8000,0x00000000d5b00000)
  to   space 512K, 0% used [0x00000000d5b00000,0x00000000d5b00000,0x00000000d5b80000)
 ParOldGen       total 613376K, used 448369K [0x0000000080000000, 0x00000000a5700000, 0x00000000d5580000)
  object space 613376K, 73% used [0x0000000080000000,0x000000009b5dc5c8,0x00000000a5700000)
 Metaspace       used 81089K, committed 82816K, reserved 1179648K
  class space    used 8125K, committed 8960K, reserved 1048576K
}
Event: 4827.717 GC heap before
{Heap before GC invocations=4467 (full 5):
 PSYoungGen      total 4608K, used 4255K [0x00000000d5580000, 0x00000000d5b80000, 0x0000000100000000)
  eden space 3584K, 99% used [0x00000000d5580000,0x00000000d58ffdd0,0x00000000d5900000)
  from space 1024K, 65% used [0x00000000d5a00000,0x00000000d5aa8000,0x00000000d5b00000)
  to   space 512K, 0% used [0x00000000d5b00000,0x00000000d5b00000,0x00000000d5b80000)
 ParOldGen       total 613376K, used 448369K [0x0000000080000000, 0x00000000a5700000, 0x00000000d5580000)
  object space 613376K, 73% used [0x0000000080000000,0x000000009b5dc5c8,0x00000000a5700000)
 Metaspace       used 81094K, committed 82880K, reserved 1179648K
  class space    used 8125K, committed 8960K, reserved 1048576K
}
Event: 4827.719 GC heap after
{Heap after GC invocations=4467 (full 5):
 PSYoungGen      total 4096K, used 480K [0x00000000d5580000, 0x00000000d5b80000, 0x0000000100000000)
  eden space 3584K, 0% used [0x00000000d5580000,0x00000000d5580000,0x00000000d5900000)
  from space 512K, 93% used [0x00000000d5b00000,0x00000000d5b78000,0x00000000d5b80000)
  to   space 1024K, 0% used [0x00000000d5980000,0x00000000d5980000,0x00000000d5a80000)
 ParOldGen       total 613376K, used 448433K [0x0000000080000000, 0x00000000a5700000, 0x00000000d5580000)
  object space 613376K, 73% used [0x0000000080000000,0x000000009b5ec5c8,0x00000000a5700000)
 Metaspace       used 81094K, committed 82880K, reserved 1179648K
  class space    used 8125K, committed 8960K, reserved 1048576K
}
Event: 4938.768 GC heap before
{Heap before GC invocations=4468 (full 5):
 PSYoungGen      total 4096K, used 4063K [0x00000000d5580000, 0x00000000d5b80000, 0x0000000100000000)
  eden space 3584K, 99% used [0x00000000d5580000,0x00000000d58fffd8,0x00000000d5900000)
  from space 512K, 93% used [0x00000000d5b00000,0x00000000d5b78000,0x00000000d5b80000)
  to   space 1024K, 0% used [0x00000000d5980000,0x00000000d5980000,0x00000000d5a80000)
 ParOldGen       total 613376K, used 448433K [0x0000000080000000, 0x00000000a5700000, 0x00000000d5580000)
  object space 613376K, 73% used [0x0000000080000000,0x000000009b5ec5c8,0x00000000a5700000)
 Metaspace       used 81100K, committed 82880K, reserved 1179648K
  class space    used 8125K, committed 8960K, reserved 1048576K
}
Event: 4938.796 GC heap after
{Heap after GC invocations=4468 (full 5):
 PSYoungGen      total 4608K, used 384K [0x00000000d5580000, 0x00000000d5b80000, 0x0000000100000000)
  eden space 3584K, 0% used [0x00000000d5580000,0x00000000d5580000,0x00000000d5900000)
  from space 1024K, 37% used [0x00000000d5980000,0x00000000d59e0000,0x00000000d5a80000)
  to   space 512K, 0% used [0x00000000d5b00000,0x00000000d5b00000,0x00000000d5b80000)
 ParOldGen       total 613376K, used 448513K [0x0000000080000000, 0x00000000a5700000, 0x00000000d5580000)
  object space 613376K, 73% used [0x0000000080000000,0x000000009b6005c8,0x00000000a5700000)
 Metaspace       used 81100K, committed 82880K, reserved 1179648K
  class space    used 8125K, committed 8960K, reserved 1048576K
}
Event: 5175.745 GC heap before
{Heap before GC invocations=4469 (full 5):
 PSYoungGen      total 4608K, used 3967K [0x00000000d5580000, 0x00000000d5b80000, 0x0000000100000000)
  eden space 3584K, 99% used [0x00000000d5580000,0x00000000d58fffa0,0x00000000d5900000)
  from space 1024K, 37% used [0x00000000d5980000,0x00000000d59e0000,0x00000000d5a80000)
  to   space 512K, 0% used [0x00000000d5b00000,0x00000000d5b00000,0x00000000d5b80000)
 ParOldGen       total 613376K, used 448513K [0x0000000080000000, 0x00000000a5700000, 0x00000000d5580000)
  object space 613376K, 73% used [0x0000000080000000,0x000000009b6005c8,0x00000000a5700000)
 Metaspace       used 81107K, committed 82944K, reserved 1179648K
  class space    used 8125K, committed 8960K, reserved 1048576K
}
Event: 5175.747 GC heap after
{Heap after GC invocations=4469 (full 5):
 PSYoungGen      total 4096K, used 448K [0x00000000d5580000, 0x00000000d5b80000, 0x0000000100000000)
  eden space 3584K, 0% used [0x00000000d5580000,0x00000000d5580000,0x00000000d5900000)
  from space 512K, 87% used [0x00000000d5b00000,0x00000000d5b70000,0x00000000d5b80000)
  to   space 512K, 0% used [0x00000000d5a80000,0x00000000d5a80000,0x00000000d5b00000)
 ParOldGen       total 613376K, used 448593K [0x0000000080000000, 0x00000000a5700000, 0x00000000d5580000)
  object space 613376K, 73% used [0x0000000080000000,0x000000009b6145c8,0x00000000a5700000)
 Metaspace       used 81107K, committed 82944K, reserved 1179648K
  class space    used 8125K, committed 8960K, reserved 1048576K
}

Dll operation events (12 events):
Event: 0.027 Loaded shared library c:\Users\Lenovo\.vscode\extensions\redhat.java-1.54.0-win32-x64\jre\21.0.10-win32-x86_64\bin\java.dll
Event: 0.253 Loaded shared library c:\Users\Lenovo\.vscode\extensions\redhat.java-1.54.0-win32-x64\jre\21.0.10-win32-x86_64\bin\zip.dll
Event: 0.288 Loaded shared library C:\Users\Lenovo\.vscode\extensions\redhat.java-1.54.0-win32-x64\jre\21.0.10-win32-x86_64\bin\instrument.dll
Event: 0.296 Loaded shared library C:\Users\Lenovo\.vscode\extensions\redhat.java-1.54.0-win32-x64\jre\21.0.10-win32-x86_64\bin\net.dll
Event: 0.299 Loaded shared library C:\Users\Lenovo\.vscode\extensions\redhat.java-1.54.0-win32-x64\jre\21.0.10-win32-x86_64\bin\nio.dll
Event: 0.304 Loaded shared library C:\Users\Lenovo\.vscode\extensions\redhat.java-1.54.0-win32-x64\jre\21.0.10-win32-x86_64\bin\zip.dll
Event: 0.327 Loaded shared library C:\Users\Lenovo\.vscode\extensions\redhat.java-1.54.0-win32-x64\jre\21.0.10-win32-x86_64\bin\jimage.dll
Event: 0.490 Loaded shared library c:\Users\Lenovo\.vscode\extensions\redhat.java-1.54.0-win32-x64\jre\21.0.10-win32-x86_64\bin\verify.dll
Event: 14.681 Loaded shared library C:\Users\Lenovo\AppData\Roaming\Code\User\globalStorage\redhat.java\1.54.0\config_win\org.eclipse.equinox.launcher\org.eclipse.equinox.launcher.win32.win32.x86_64_1.3.0.v20260203-2149\eclipse_11919.dll
Event: 43.222 Loaded shared library C:\Users\Lenovo\AppData\Local\Temp\jna--2022488749\jna16188301693577551840.dll
Event: 54.201 Loaded shared library C:\Users\Lenovo\.vscode\extensions\redhat.java-1.54.0-win32-x64\jre\21.0.10-win32-x86_64\bin\sunmscapi.dll
Event: 54.822 Loaded shared library C:\Users\Lenovo\.vscode\extensions\redhat.java-1.54.0-win32-x64\jre\21.0.10-win32-x86_64\bin\extnet.dll

Deoptimization events (20 events):
Event: 4559.680 Thread 0x000001d9fcb48e00 DEOPT PACKING pc=0x000001d9a7fc1cb4 sp=0x000000d62b3fdb50
Event: 4559.680 Thread 0x000001d9fcb48e00 DEOPT UNPACKING pc=0x000001d9a7663aa2 sp=0x000000d62b3fdac8 mode 2
Event: 4559.680 Thread 0x000001d9fcb48e00 Uncommon trap: trap_request=0xffffffc6 fr.pc=0x000001d9a7fc1cb4 relative=0x0000000000000254
Event: 4559.680 Thread 0x000001d9fcb48e00 Uncommon trap: reason=bimorphic_or_optimized_type_check action=maybe_recompile pc=0x000001d9a7fc1cb4 method=org.eclipse.jdt.internal.compiler.lookup.MethodBinding.getAnnotationTagBits()J @ 1 c2
Event: 4559.680 Thread 0x000001d9fcb48e00 DEOPT PACKING pc=0x000001d9a7fc1cb4 sp=0x000000d62b3fdb50
Event: 4559.680 Thread 0x000001d9fcb48e00 DEOPT UNPACKING pc=0x000001d9a7663aa2 sp=0x000000d62b3fdac8 mode 2
Event: 4559.680 Thread 0x000001d9fcb48e00 Uncommon trap: trap_request=0xffffffc6 fr.pc=0x000001d9a7fc1cb4 relative=0x0000000000000254
Event: 4559.680 Thread 0x000001d9fcb48e00 Uncommon trap: reason=bimorphic_or_optimized_type_check action=maybe_recompile pc=0x000001d9a7fc1cb4 method=org.eclipse.jdt.internal.compiler.lookup.MethodBinding.getAnnotationTagBits()J @ 1 c2
Event: 4559.680 Thread 0x000001d9fcb48e00 DEOPT PACKING pc=0x000001d9a7fc1cb4 sp=0x000000d62b3fdb50
Event: 4559.680 Thread 0x000001d9fcb48e00 DEOPT UNPACKING pc=0x000001d9a7663aa2 sp=0x000000d62b3fdac8 mode 2
Event: 4559.683 Thread 0x000001d9fcb48e00 Uncommon trap: trap_request=0xffffff66 fr.pc=0x000001d9a7ff0220 relative=0x0000000000000780
Event: 4559.683 Thread 0x000001d9fcb48e00 Uncommon trap: reason=speculate_class_check action=maybe_recompile pc=0x000001d9a7ff0220 method=org.eclipse.jdt.internal.compiler.lookup.TypeSystem.getUnannotatedType(Lorg/eclipse/jdt/internal/compiler/lookup/TypeBinding;)Lorg/eclipse/jdt/internal/compile
Event: 4559.683 Thread 0x000001d9fcb48e00 DEOPT PACKING pc=0x000001d9a7ff0220 sp=0x000000d62b3fe4f0
Event: 4559.683 Thread 0x000001d9fcb48e00 DEOPT UNPACKING pc=0x000001d9a7663aa2 sp=0x000000d62b3fe3b0 mode 2
Event: 4559.758 Thread 0x000001d9fcb48e00 Uncommon trap: trap_request=0xffffff45 fr.pc=0x000001d9a978fb58 relative=0x0000000000000d38
Event: 4559.758 Thread 0x000001d9fcb48e00 Uncommon trap: reason=unstable_if action=reinterpret pc=0x000001d9a978fb58 method=org.eclipse.jdt.internal.core.index.DiskIndex.readStreamChars(Ljava/io/InputStream;)[C @ 102 c2
Event: 4559.758 Thread 0x000001d9fcb48e00 DEOPT PACKING pc=0x000001d9a978fb58 sp=0x000000d62b3fe8a0
Event: 4559.758 Thread 0x000001d9fcb48e00 DEOPT UNPACKING pc=0x000001d9a7663aa2 sp=0x000000d62b3fe818 mode 2
Event: 4559.761 Thread 0x000001d9fcb48e00 DEOPT PACKING pc=0x000001d9a1162bf3 sp=0x000000d62b3fe9e0
Event: 4559.761 Thread 0x000001d9fcb48e00 DEOPT UNPACKING pc=0x000001d9a7664242 sp=0x000000d62b3fde78 mode 0

Classes loaded (20 events):
Event: 1696.080 Loading class java/util/stream/ReduceOps$CountingSink done
Event: 1696.080 Loading class java/util/stream/ReduceOps$CountingSink$OfRef done
Event: 1697.412 Loading class java/util/stream/ReduceOps$1
Event: 1697.412 Loading class java/util/stream/ReduceOps$1 done
Event: 1697.412 Loading class java/util/stream/ReduceOps$1ReducingSink
Event: 1697.412 Loading class java/util/stream/ReduceOps$1ReducingSink done
Event: 2307.352 Loading class java/io/SequenceInputStream
Event: 2307.353 Loading class java/io/SequenceInputStream done
Event: 2365.873 Loading class java/nio/BufferMismatch
Event: 2365.879 Loading class java/nio/BufferMismatch done
Event: 4527.398 Loading class org/xml/sax/SAXNotRecognizedException
Event: 4527.399 Loading class org/xml/sax/SAXNotRecognizedException done
Event: 4527.399 Loading class org/xml/sax/SAXNotSupportedException
Event: 4527.400 Loading class org/xml/sax/SAXNotSupportedException done
Event: 4527.404 Loading class com/sun/org/apache/xerces/internal/util/URI
Event: 4527.409 Loading class com/sun/org/apache/xerces/internal/util/URI done
Event: 4527.414 Loading class com/sun/org/apache/xerces/internal/xni/XNIException
Event: 4527.414 Loading class com/sun/org/apache/xerces/internal/xni/XNIException done
Event: 4527.509 Loading class com/sun/org/apache/xerces/internal/xni/parser/XMLParseException
Event: 4527.509 Loading class com/sun/org/apache/xerces/internal/xni/parser/XMLParseException done

Classes unloaded (20 events):
Event: 155.778 Thread 0x000001d99cf889b0 Unloading class 0x000001d9b5758800 'java/lang/invoke/LambdaForm$MH+0x000001d9b5758800'
Event: 155.778 Thread 0x000001d99cf889b0 Unloading class 0x000001d9b5758400 'java/lang/invoke/LambdaForm$MH+0x000001d9b5758400'
Event: 155.778 Thread 0x000001d99cf889b0 Unloading class 0x000001d9b5757c00 'java/lang/invoke/LambdaForm$MH+0x000001d9b5757c00'
Event: 155.778 Thread 0x000001d99cf889b0 Unloading class 0x000001d9b5757800 'java/lang/invoke/LambdaForm$MH+0x000001d9b5757800'
Event: 155.778 Thread 0x000001d99cf889b0 Unloading class 0x000001d9b5757400 'java/lang/invoke/LambdaForm$MH+0x000001d9b5757400'
Event: 155.778 Thread 0x000001d99cf889b0 Unloading class 0x000001d9b5757000 'java/lang/invoke/LambdaForm$MH+0x000001d9b5757000'
Event: 155.778 Thread 0x000001d99cf889b0 Unloading class 0x000001d9b5756c00 'java/lang/invoke/LambdaForm$MH+0x000001d9b5756c00'
Event: 155.778 Thread 0x000001d99cf889b0 Unloading class 0x000001d9b5756800 'java/lang/invoke/LambdaForm$MH+0x000001d9b5756800'
Event: 155.778 Thread 0x000001d99cf889b0 Unloading class 0x000001d9b5756400 'java/lang/invoke/LambdaForm$MH+0x000001d9b5756400'
Event: 155.778 Thread 0x000001d99cf889b0 Unloading class 0x000001d9b5756000 'java/lang/invoke/LambdaForm$MH+0x000001d9b5756000'
Event: 155.778 Thread 0x000001d99cf889b0 Unloading class 0x000001d9b5755c00 'java/lang/invoke/LambdaForm$MH+0x000001d9b5755c00'
Event: 155.778 Thread 0x000001d99cf889b0 Unloading class 0x000001d9b5755800 'java/lang/invoke/LambdaForm$MH+0x000001d9b5755800'
Event: 155.778 Thread 0x000001d99cf889b0 Unloading class 0x000001d9b5755400 'java/lang/invoke/LambdaForm$MH+0x000001d9b5755400'
Event: 155.778 Thread 0x000001d99cf889b0 Unloading class 0x000001d9b5755000 'java/lang/invoke/LambdaForm$MH+0x000001d9b5755000'
Event: 155.778 Thread 0x000001d99cf889b0 Unloading class 0x000001d9b5754c00 'java/lang/invoke/LambdaForm$MH+0x000001d9b5754c00'
Event: 155.778 Thread 0x000001d99cf889b0 Unloading class 0x000001d9b5754800 'java/lang/invoke/LambdaForm$MH+0x000001d9b5754800'
Event: 155.778 Thread 0x000001d99cf889b0 Unloading class 0x000001d9b5754400 'java/lang/invoke/LambdaForm$MH+0x000001d9b5754400'
Event: 155.778 Thread 0x000001d99cf889b0 Unloading class 0x000001d9b5754000 'java/lang/invoke/LambdaForm$MH+0x000001d9b5754000'
Event: 155.778 Thread 0x000001d99cf889b0 Unloading class 0x000001d9b573cc00 'java/lang/invoke/LambdaForm$DMH+0x000001d9b573cc00'
Event: 155.778 Thread 0x000001d99cf889b0 Unloading class 0x000001d9b573c800 'java/lang/invoke/LambdaForm$DMH+0x000001d9b573c800'

Classes redefined (0 events):
No events

Internal exceptions (20 events):
Event: 5172.400 Thread 0x000001d9ffcba4c0 Exception <a 'sun/nio/fs/WindowsException'{0x00000000d57954a0}> (0x00000000d57954a0) 
thrown [s\src\hotspot\share\prims\jni.cpp, line 520]
Event: 5172.400 Thread 0x000001d9ffcba4c0 Exception <a 'sun/nio/fs/WindowsException'{0x00000000d5795be8}> (0x00000000d5795be8) 
thrown [s\src\hotspot\share\prims\jni.cpp, line 520]
Event: 5172.400 Thread 0x000001d9ffcba4c0 Exception <a 'sun/nio/fs/WindowsException'{0x00000000d57970d8}> (0x00000000d57970d8) 
thrown [s\src\hotspot\share\prims\jni.cpp, line 520]
Event: 5172.400 Thread 0x000001d9ffcba4c0 Exception <a 'sun/nio/fs/WindowsException'{0x00000000d5797820}> (0x00000000d5797820) 
thrown [s\src\hotspot\share\prims\jni.cpp, line 520]
Event: 5172.400 Thread 0x000001d9ffcba4c0 Exception <a 'sun/nio/fs/WindowsException'{0x00000000d5798ac8}> (0x00000000d5798ac8) 
thrown [s\src\hotspot\share\prims\jni.cpp, line 520]
Event: 5172.400 Thread 0x000001d9ffcba4c0 Exception <a 'sun/nio/fs/WindowsException'{0x00000000d5799210}> (0x00000000d5799210) 
thrown [s\src\hotspot\share\prims\jni.cpp, line 520]
Event: 5172.401 Thread 0x000001d9ffcba4c0 Exception <a 'sun/nio/fs/WindowsException'{0x00000000d579a4b8}> (0x00000000d579a4b8) 
thrown [s\src\hotspot\share\prims\jni.cpp, line 520]
Event: 5172.401 Thread 0x000001d9ffcba4c0 Exception <a 'sun/nio/fs/WindowsException'{0x00000000d579ac00}> (0x00000000d579ac00) 
thrown [s\src\hotspot\share\prims\jni.cpp, line 520]
Event: 5172.401 Thread 0x000001d9ffcba4c0 Exception <a 'sun/nio/fs/WindowsException'{0x00000000d579c248}> (0x00000000d579c248) 
thrown [s\src\hotspot\share\prims\jni.cpp, line 520]
Event: 5172.401 Thread 0x000001d9ffcba4c0 Exception <a 'sun/nio/fs/WindowsException'{0x00000000d579ccc8}> (0x00000000d579ccc8) 
thrown [s\src\hotspot\share\prims\jni.cpp, line 520]
Event: 5172.401 Thread 0x000001d9ffcba4c0 Exception <a 'sun/nio/fs/WindowsException'{0x00000000d579df70}> (0x00000000d579df70) 
thrown [s\src\hotspot\share\prims\jni.cpp, line 520]
Event: 5172.401 Thread 0x000001d9ffcba4c0 Exception <a 'sun/nio/fs/WindowsException'{0x00000000d579e6b8}> (0x00000000d579e6b8) 
thrown [s\src\hotspot\share\prims\jni.cpp, line 520]
Event: 5172.402 Thread 0x000001d9ffcba4c0 Exception <a 'sun/nio/fs/WindowsException'{0x00000000d579f960}> (0x00000000d579f960) 
thrown [s\src\hotspot\share\prims\jni.cpp, line 520]
Event: 5172.402 Thread 0x000001d9ffcba4c0 Exception <a 'sun/nio/fs/WindowsException'{0x00000000d57a00a8}> (0x00000000d57a00a8) 
thrown [s\src\hotspot\share\prims\jni.cpp, line 520]
Event: 5172.402 Thread 0x000001d9ffcba4c0 Exception <a 'sun/nio/fs/WindowsException'{0x00000000d57a1350}> (0x00000000d57a1350) 
thrown [s\src\hotspot\share\prims\jni.cpp, line 520]
Event: 5172.402 Thread 0x000001d9ffcba4c0 Exception <a 'sun/nio/fs/WindowsException'{0x00000000d57a1a98}> (0x00000000d57a1a98) 
thrown [s\src\hotspot\share\prims\jni.cpp, line 520]
Event: 5172.403 Thread 0x000001d9ffcba4c0 Exception <a 'sun/nio/fs/WindowsException'{0x00000000d57a2f80}> (0x00000000d57a2f80) 
thrown [s\src\hotspot\share\prims\jni.cpp, line 520]
Event: 5172.404 Thread 0x000001d9ffcba4c0 Exception <a 'sun/nio/fs/WindowsException'{0x00000000d57a36c8}> (0x00000000d57a36c8) 
thrown [s\src\hotspot\share\prims\jni.cpp, line 520]
Event: 5172.405 Thread 0x000001d9ffcba4c0 Exception <a 'sun/nio/fs/WindowsException'{0x00000000d57a4970}> (0x00000000d57a4970) 
thrown [s\src\hotspot\share\prims\jni.cpp, line 520]
Event: 5172.405 Thread 0x000001d9ffcba4c0 Exception <a 'sun/nio/fs/WindowsException'{0x00000000d57a50b8}> (0x00000000d57a50b8) 
thrown [s\src\hotspot\share\prims\jni.cpp, line 520]

ZGC Phase Switch (0 events):
No events

VM Operations (20 events):
Event: 41305.653 Executing non-safepoint VM operation: HandshakeAllThreads (HandshakeForDeflation)
Event: 41305.654 Executing non-safepoint VM operation: HandshakeAllThreads (HandshakeForDeflation) done
Event: 41305.654 Executing non-safepoint VM operation: RendezvousGCThreads
Event: 41305.654 Executing non-safepoint VM operation: RendezvousGCThreads done
Event: 41425.871 Executing non-safepoint VM operation: HandshakeAllThreads (HandshakeForDeflation)
Event: 41425.872 Executing non-safepoint VM operation: HandshakeAllThreads (HandshakeForDeflation) done
Event: 41425.873 Executing non-safepoint VM operation: RendezvousGCThreads
Event: 41425.873 Executing non-safepoint VM operation: RendezvousGCThreads done
Event: 41606.356 Executing non-safepoint VM operation: HandshakeAllThreads (HandshakeForDeflation)
Event: 41606.357 Executing non-safepoint VM operation: HandshakeAllThreads (HandshakeForDeflation) done
Event: 41606.357 Executing non-safepoint VM operation: RendezvousGCThreads
Event: 41606.357 Executing non-safepoint VM operation: RendezvousGCThreads done
Event: 41786.856 Executing non-safepoint VM operation: HandshakeAllThreads (HandshakeForDeflation)
Event: 41786.856 Executing non-safepoint VM operation: HandshakeAllThreads (HandshakeForDeflation) done
Event: 41786.856 Executing non-safepoint VM operation: RendezvousGCThreads
Event: 41786.856 Executing non-safepoint VM operation: RendezvousGCThreads done
Event: 41846.860 Executing non-safepoint VM operation: HandshakeAllThreads (HandshakeForDeflation)
Event: 41846.860 Executing non-safepoint VM operation: HandshakeAllThreads (HandshakeForDeflation) done
Event: 41846.860 Executing non-safepoint VM operation: RendezvousGCThreads
Event: 41846.860 Executing non-safepoint VM operation: RendezvousGCThreads done

Memory protections (0 events):
No events

Nmethod flushes (20 events):
Event: 1693.385 Thread 0x000001d99cf889b0 flushing  nmethod 0x000001d9a2394e90
Event: 1693.385 Thread 0x000001d99cf889b0 flushing  nmethod 0x000001d9a2395490
Event: 1693.385 Thread 0x000001d99cf889b0 flushing  nmethod 0x000001d9a2399210
Event: 1693.385 Thread 0x000001d99cf889b0 flushing  nmethod 0x000001d9a23a2510
Event: 1693.385 Thread 0x000001d99cf889b0 flushing  nmethod 0x000001d9a23a6610
Event: 1693.385 Thread 0x000001d99cf889b0 flushing  nmethod 0x000001d9a23b0e10
Event: 1693.385 Thread 0x000001d99cf889b0 flushing  nmethod 0x000001d9a23c6090
Event: 1693.385 Thread 0x000001d99cf889b0 flushing  nmethod 0x000001d9a23e4910
Event: 1693.385 Thread 0x000001d99cf889b0 flushing  nmethod 0x000001d9a23e5d90
Event: 1693.385 Thread 0x000001d99cf889b0 flushing  nmethod 0x000001d9a23e8010
Event: 1693.385 Thread 0x000001d99cf889b0 flushing  nmethod 0x000001d9a2407190
Event: 1693.385 Thread 0x000001d99cf889b0 flushing  nmethod 0x000001d9a2412c10
Event: 1693.385 Thread 0x000001d99cf889b0 flushing osr nmethod 0x000001d9a254f290
Event: 1693.385 Thread 0x000001d99cf889b0 flushing  nmethod 0x000001d9a256ba90
Event: 1693.385 Thread 0x000001d99cf889b0 flushing  nmethod 0x000001d9a256bf10
Event: 1693.385 Thread 0x000001d99cf889b0 flushing  nmethod 0x000001d9a2570410
Event: 1693.385 Thread 0x000001d99cf889b0 flushing  nmethod 0x000001d9a2582210
Event: 1693.385 Thread 0x000001d99cf889b0 flushing  nmethod 0x000001d9a2587210
Event: 1693.385 Thread 0x000001d99cf889b0 flushing osr nmethod 0x000001d9a2606b10
Event: 1693.385 Thread 0x000001d99cf889b0 flushing  nmethod 0x000001d9a2608890

Events (20 events):
Event: 4858.968 Thread 0x000001d9ffcc0730 Thread exited: 0x000001d9ffcc0730
Event: 4916.025 Thread 0x000001d9ffcba4c0 Thread added: 0x000001d9ffcb97a0
Event: 5046.457 Thread 0x000001d9ffcbd2b0 Thread exited: 0x000001d9ffcbd2b0
Event: 5046.457 Thread 0x000001d9ffcb97a0 Thread exited: 0x000001d9ffcb97a0
Event: 5172.394 Thread 0x000001d9ffcba4c0 Thread added: 0x000001d9ffcb97a0
Event: 5172.395 Thread 0x000001d9ffcb97a0 Thread exited: 0x000001d9ffcb97a0
Event: 5172.406 Thread 0x000001d9ffcba4c0 Thread added: 0x000001d9ffcb97a0
Event: 5172.407 Thread 0x000001d9ffcb97a0 Thread added: 0x000001d9ffcbd2b0
Event: 5172.407 Thread 0x000001d9ffcb97a0 Thread added: 0x000001d9ffcb9e30
Event: 5172.407 Thread 0x000001d9ffcb97a0 Thread added: 0x000001d9ffcbf380
Event: 5172.407 Thread 0x000001d9ffcbd2b0 Thread added: 0x000001d9ffcbfa10
Event: 5172.408 Thread 0x000001d9ffcb9e30 Thread added: 0x000001d9ffcbdfd0
Event: 5172.408 Thread 0x000001d9ffcb97a0 Thread added: 0x000001d9ffcbd940
Event: 5172.408 Thread 0x000001d9ffcbd940 Thread exited: 0x000001d9ffcbd940
Event: 5172.408 Thread 0x000001d9ffcbdfd0 Thread exited: 0x000001d9ffcbdfd0
Event: 5172.408 Thread 0x000001d9ffcb97a0 Thread exited: 0x000001d9ffcb97a0
Event: 5172.409 Thread 0x000001d9ffcbf380 Thread exited: 0x000001d9ffcbf380
Event: 5172.409 Thread 0x000001d9ffcb9e30 Thread exited: 0x000001d9ffcb9e30
Event: 5172.409 Thread 0x000001d9ffcbd2b0 Thread exited: 0x000001d9ffcbd2b0
Event: 5172.409 Thread 0x000001d9ffcbfa10 Thread exited: 0x000001d9ffcbfa10


Dynamic libraries:
0x00007ff6c8510000 - 0x00007ff6c851e000 	c:\Users\Lenovo\.vscode\extensions\redhat.java-1.54.0-win32-x64\jre\21.0.10-win32-x86_64\bin\java.exe
0x00007ffb160a0000 - 0x00007ffb16306000 	C:\WINDOWS\SYSTEM32\ntdll.dll
0x00007ffb15030000 - 0x00007ffb150f9000 	C:\WINDOWS\System32\KERNEL32.DLL
0x00007ffb13550000 - 0x00007ffb1394a000 	C:\WINDOWS\System32\KERNELBASE.dll
0x00007ffb0fe00000 - 0x00007ffb0fea0000 	C:\WINDOWS\SYSTEM32\apphelp.dll
0x00007ffb13cc0000 - 0x00007ffb13e0c000 	C:\WINDOWS\System32\ucrtbase.dll
0x00007ffb08ee0000 - 0x00007ffb08ef8000 	c:\Users\Lenovo\.vscode\extensions\redhat.java-1.54.0-win32-x64\jre\21.0.10-win32-x86_64\bin\jli.dll
0x00007ffb15bd0000 - 0x00007ffb15d97000 	C:\WINDOWS\System32\USER32.dll
0x00007ffb13950000 - 0x00007ffb13977000 	C:\WINDOWS\System32\win32u.dll
0x00007ffb14b70000 - 0x00007ffb14b9b000 	C:\WINDOWS\System32\GDI32.dll
0x00007ffb13b90000 - 0x00007ffb13cbb000 	C:\WINDOWS\System32\gdi32full.dll
0x00007ffb08f00000 - 0x00007ffb08f1e000 	c:\Users\Lenovo\.vscode\extensions\redhat.java-1.54.0-win32-x64\jre\21.0.10-win32-x86_64\bin\VCRUNTIME140.dll
0x00007ffb133e0000 - 0x00007ffb13483000 	C:\WINDOWS\System32\msvcp_win.dll
0x00007ffaf38e0000 - 0x00007ffaf3b72000 	C:\WINDOWS\WinSxS\amd64_microsoft.windows.common-controls_6595b64144ccf1df_6.0.26100.8521_none_3e08b75ce33403b3\COMCTL32.dll
0x00007ffb14ac0000 - 0x00007ffb14b69000 	C:\WINDOWS\System32\msvcrt.dll
0x00007ffb15100000 - 0x00007ffb15132000 	C:\WINDOWS\System32\IMM32.DLL
0x00007ffb0d560000 - 0x00007ffb0d56c000 	c:\Users\Lenovo\.vscode\extensions\redhat.java-1.54.0-win32-x64\jre\21.0.10-win32-x86_64\bin\vcruntime140_1.dll
0x00007ffad81d0000 - 0x00007ffad825d000 	c:\Users\Lenovo\.vscode\extensions\redhat.java-1.54.0-win32-x64\jre\21.0.10-win32-x86_64\bin\msvcp140.dll
0x00007ffa635a0000 - 0x00007ffa64341000 	c:\Users\Lenovo\.vscode\extensions\redhat.java-1.54.0-win32-x64\jre\21.0.10-win32-x86_64\bin\server\jvm.dll
0x00007ffb143a0000 - 0x00007ffb14456000 	C:\WINDOWS\System32\ADVAPI32.dll
0x00007ffb15ac0000 - 0x00007ffb15b6a000 	C:\WINDOWS\System32\sechost.dll
0x00007ffb15140000 - 0x00007ffb15258000 	C:\WINDOWS\System32\RPCRT4.dll
0x00007ffb14290000 - 0x00007ffb14310000 	C:\WINDOWS\System32\WS2_32.dll
0x00007ffb13190000 - 0x00007ffb131ee000 	C:\WINDOWS\SYSTEM32\POWRPROF.dll
0x00007ffb0efd0000 - 0x00007ffb0f006000 	C:\WINDOWS\SYSTEM32\WINMM.dll
0x00007ffaf4770000 - 0x00007ffaf477b000 	C:\WINDOWS\SYSTEM32\VERSION.dll
0x00007ffb13170000 - 0x00007ffb13184000 	C:\WINDOWS\SYSTEM32\UMPDC.dll
0x00007ffb12090000 - 0x00007ffb120ab000 	C:\WINDOWS\SYSTEM32\kernel.appcore.dll
0x00007ffb08ed0000 - 0x00007ffb08eda000 	c:\Users\Lenovo\.vscode\extensions\redhat.java-1.54.0-win32-x64\jre\21.0.10-win32-x86_64\bin\jimage.dll
0x00007ffb108d0000 - 0x00007ffb10b12000 	C:\WINDOWS\SYSTEM32\DBGHELP.DLL
0x00007ffb13e20000 - 0x00007ffb141a3000 	C:\WINDOWS\System32\combase.dll
0x00007ffb141b0000 - 0x00007ffb14289000 	C:\WINDOWS\System32\OLEAUT32.dll
0x00007ffaebb40000 - 0x00007ffaebb7b000 	C:\WINDOWS\SYSTEM32\dbgcore.DLL
0x00007ffb13330000 - 0x00007ffb133d8000 	C:\WINDOWS\System32\bcryptPrimitives.dll
0x00007ffb02d30000 - 0x00007ffb02d3f000 	c:\Users\Lenovo\.vscode\extensions\redhat.java-1.54.0-win32-x64\jre\21.0.10-win32-x86_64\bin\instrument.dll
0x00007ffb02ca0000 - 0x00007ffb02cc0000 	c:\Users\Lenovo\.vscode\extensions\redhat.java-1.54.0-win32-x64\jre\21.0.10-win32-x86_64\bin\java.dll
0x00007ffb15260000 - 0x00007ffb159e4000 	C:\WINDOWS\System32\SHELL32.dll
0x00007ffb10ed0000 - 0x00007ffb11750000 	C:\WINDOWS\SYSTEM32\windows.storage.dll
0x00007ffb14460000 - 0x00007ffb14556000 	C:\WINDOWS\System32\SHCORE.dll
0x00007ffb14a50000 - 0x00007ffb14ab7000 	C:\WINDOWS\System32\shlwapi.dll
0x00007ffb13250000 - 0x00007ffb13279000 	C:\WINDOWS\SYSTEM32\profapi.dll
0x00007ffaf6d20000 - 0x00007ffaf6d38000 	c:\Users\Lenovo\.vscode\extensions\redhat.java-1.54.0-win32-x64\jre\21.0.10-win32-x86_64\bin\zip.dll
0x00007ffaf6d10000 - 0x00007ffaf6d20000 	C:\Users\Lenovo\.vscode\extensions\redhat.java-1.54.0-win32-x64\jre\21.0.10-win32-x86_64\bin\net.dll
0x00007ffb03010000 - 0x00007ffb03139000 	C:\WINDOWS\SYSTEM32\WINHTTP.dll
0x00007ffb125e0000 - 0x00007ffb1264c000 	C:\WINDOWS\system32\mswsock.dll
0x00007ffaf6cd0000 - 0x00007ffaf6ce6000 	C:\Users\Lenovo\.vscode\extensions\redhat.java-1.54.0-win32-x64\jre\21.0.10-win32-x86_64\bin\nio.dll
0x00007ffaf6cc0000 - 0x00007ffaf6cd0000 	c:\Users\Lenovo\.vscode\extensions\redhat.java-1.54.0-win32-x64\jre\21.0.10-win32-x86_64\bin\verify.dll
0x00007ffadbcc0000 - 0x00007ffadbd05000 	C:\Users\Lenovo\AppData\Roaming\Code\User\globalStorage\redhat.java\1.54.0\config_win\org.eclipse.equinox.launcher\org.eclipse.equinox.launcher.win32.win32.x86_64_1.3.0.v20260203-2149\eclipse_11919.dll
0x00007ffb146d0000 - 0x00007ffb14868000 	C:\WINDOWS\System32\ole32.dll
0x00007ffb128f0000 - 0x00007ffb1290b000 	C:\WINDOWS\SYSTEM32\CRYPTSP.dll
0x00007ffb11ff0000 - 0x00007ffb12029000 	C:\WINDOWS\system32\rsaenh.dll
0x00007ffb126a0000 - 0x00007ffb126d3000 	C:\WINDOWS\SYSTEM32\USERENV.dll
0x00007ffb13220000 - 0x00007ffb1324a000 	C:\WINDOWS\SYSTEM32\bcrypt.dll
0x00007ffb12910000 - 0x00007ffb1291c000 	C:\WINDOWS\SYSTEM32\CRYPTBASE.dll
0x00007ffb11ad0000 - 0x00007ffb11b03000 	C:\WINDOWS\SYSTEM32\IPHLPAPI.DLL
0x00007ffb145c0000 - 0x00007ffb145ca000 	C:\WINDOWS\System32\NSI.dll
0x00007ffaa5ff0000 - 0x00007ffaa6039000 	C:\Users\Lenovo\AppData\Local\Temp\jna--2022488749\jna16188301693577551840.dll
0x00007ffb16050000 - 0x00007ffb16058000 	C:\WINDOWS\System32\PSAPI.DLL
0x00007ffb09cf0000 - 0x00007ffb09d0d000 	C:\WINDOWS\SYSTEM32\dhcpcsvc6.DLL
0x00007ffb09cc0000 - 0x00007ffb09ce5000 	C:\WINDOWS\SYSTEM32\dhcpcsvc.DLL
0x00007ffaf6c10000 - 0x00007ffaf6c1e000 	C:\Users\Lenovo\.vscode\extensions\redhat.java-1.54.0-win32-x64\jre\21.0.10-win32-x86_64\bin\sunmscapi.dll
0x00007ffb13980000 - 0x00007ffb13af8000 	C:\WINDOWS\System32\CRYPT32.dll
0x00007ffb12b30000 - 0x00007ffb12b60000 	C:\WINDOWS\SYSTEM32\ncrypt.dll
0x00007ffb12ae0000 - 0x00007ffb12b1f000 	C:\WINDOWS\SYSTEM32\NTASN1.dll
0x00007ffb11b70000 - 0x00007ffb11cba000 	C:\WINDOWS\SYSTEM32\DNSAPI.dll
0x00007ffb12420000 - 0x00007ffb1242d000 	C:\WINDOWS\SYSTEM32\DSPARSE.dll
0x00007ffb0b490000 - 0x00007ffb0b49b000 	C:\Windows\System32\rasadhlp.dll
0x00007ffb0b6a0000 - 0x00007ffb0b726000 	C:\WINDOWS\System32\fwpuclnt.dll
0x00007ffae5130000 - 0x00007ffae5139000 	C:\Users\Lenovo\.vscode\extensions\redhat.java-1.54.0-win32-x64\jre\21.0.10-win32-x86_64\bin\extnet.dll
0x00007ffb121b0000 - 0x00007ffb121e6000 	C:\WINDOWS\SYSTEM32\ntmarta.dll

JVMTI agents:
c:\Users\Lenovo\.vscode\extensions\redhat.java-1.54.0-win32-x64\lombok\lombok-1.18.39-4050.jar path:c:\Users\Lenovo\.vscode\extensions\redhat.java-1.54.0-win32-x64\jre\21.0.10-win32-x86_64\bin\instrument.dll, loaded, initialized, instrumentlib options:none

dbghelp: loaded successfully - version: 4.0.5 - missing functions: none
symbol engine: initialized successfully - sym options: 0x614 - pdb path: .;c:\Users\Lenovo\.vscode\extensions\redhat.java-1.54.0-win32-x64\jre\21.0.10-win32-x86_64\bin;C:\WINDOWS\SYSTEM32;C:\WINDOWS\WinSxS\amd64_microsoft.windows.common-controls_6595b64144ccf1df_6.0.26100.8521_none_3e08b75ce33403b3;c:\Users\Lenovo\.vscode\extensions\redhat.java-1.54.0-win32-x64\jre\21.0.10-win32-x86_64\bin\server;C:\Users\Lenovo\AppData\Roaming\Code\User\globalStorage\redhat.java\1.54.0\config_win\org.eclipse.equinox.launcher\org.eclipse.equinox.launcher.win32.win32.x86_64_1.3.0.v20260203-2149;C:\Users\Lenovo\AppData\Local\Temp\jna--2022488749

VM Arguments:
jvm_args: --add-modules=ALL-SYSTEM --add-opens=java.base/java.util=ALL-UNNAMED --add-opens=java.base/java.lang=ALL-UNNAMED --add-opens=java.base/sun.nio.fs=ALL-UNNAMED -Declipse.application=org.eclipse.jdt.ls.core.id1 -Dosgi.bundles.defaultStartLevel=4 -Declipse.product=org.eclipse.jdt.ls.core.product -Djava.import.generatesMetadataFilesAtProjectRoot=false -DDetectVMInstallationsJob.disabled=true -Dfile.encoding=utf8 -XX:+UseParallelGC -XX:GCTimeRatio=4 -XX:AdaptiveSizePolicyWeight=90 -Dsun.zip.disableMemoryMapping=true -Xmx2G -Xms100m -Xlog:disable -javaagent:c:\Users\Lenovo\.vscode\extensions\redhat.java-1.54.0-win32-x64\lombok\lombok-1.18.39-4050.jar -XX:+HeapDumpOnOutOfMemoryError -XX:HeapDumpPath=c:\Users\Lenovo\AppData\Roaming\Code\User\workspaceStorage\bb12e9bb2b7a8a6a28c455b5a8dcb1ca\redhat.java -Daether.dependencyCollector.impl=bf 
java_command: c:\Users\Lenovo\.vscode\extensions\redhat.java-1.54.0-win32-x64\server\plugins\org.eclipse.equinox.launcher_1.7.100.v20251111-0406.jar -configuration c:\Users\Lenovo\AppData\Roaming\Code\User\globalStorage\redhat.java\1.54.0\config_win -data c:\Users\Lenovo\AppData\Roaming\Code\User\workspaceStorage\bb12e9bb2b7a8a6a28c455b5a8dcb1ca\redhat.java\jdt_ws --pipe=\\.\pipe\lsp-09aeed4a521eb1e65f3abcb2e52276eb-sock
java_class_path (initial): c:\Users\Lenovo\.vscode\extensions\redhat.java-1.54.0-win32-x64\server\plugins\org.eclipse.equinox.launcher_1.7.100.v20251111-0406.jar
Launcher Type: SUN_STANDARD

[Global flags]
    uintx AdaptiveSizePolicyWeight                 = 90                                        {product} {command line}
     intx CICompilerCount                          = 4                                         {product} {ergonomic}
    uintx GCTimeRatio                              = 4                                         {product} {command line}
     bool HeapDumpOnOutOfMemoryError               = true                                   {manageable} {command line}
    ccstr HeapDumpPath                             = c:\Users\Lenovo\AppData\Roaming\Code\User\workspaceStorage\bb12e9bb2b7a8a6a28c455b5a8dcb1ca\redhat.java         {manageable} {command line}
   size_t InitialHeapSize                          = 104857600                                 {product} {command line}
   size_t MaxHeapSize                              = 2147483648                                {product} {command line}
   size_t MaxNewSize                               = 715653120                                 {product} {ergonomic}
   size_t MinHeapDeltaBytes                        = 524288                                    {product} {ergonomic}
   size_t MinHeapSize                              = 104857600                                 {product} {command line}
   size_t NewSize                                  = 34603008                                  {product} {ergonomic}
    uintx NonNMethodCodeHeapSize                   = 5839372                                {pd product} {ergonomic}
    uintx NonProfiledCodeHeapSize                  = 122909434                              {pd product} {ergonomic}
   size_t OldSize                                  = 70254592                                  {product} {ergonomic}
    uintx ProfiledCodeHeapSize                     = 122909434                              {pd product} {ergonomic}
    uintx ReservedCodeCacheSize                    = 251658240                              {pd product} {ergonomic}
     bool SegmentedCodeCache                       = true                                      {product} {ergonomic}
   size_t SoftMaxHeapSize                          = 2147483648                             {manageable} {ergonomic}
     bool UseCompressedOops                        = true                           {product lp64_product} {ergonomic}
     bool UseLargePagesIndividualAllocation        = false                                  {pd product} {ergonomic}
     bool UseParallelGC                            = true                                      {product} {command line}

Logging:
Log output configuration:
 #0: stdout all=off uptime,level,tags foldmultilines=false
 #1: stderr all=off uptime,level,tags foldmultilines=false

Release file:
JAVA_VERSION="21.0.10" 
MODULES="java.base java.compiler java.datatransfer java.xml java.prefs java.desktop java.instrument java.logging java.management java.security.sasl java.naming java.rmi java.management.rmi java.net.http java.scripting java.security.jgss java.transaction.xa java.sql java.sql.rowset java.xml.crypto java.se java.smartcardio jdk.accessibility jdk.internal.jvmstat jdk.attach jdk.charsets jdk.internal.opt jdk.zipfs jdk.compiler jdk.crypto.ec jdk.crypto.cryptoki jdk.crypto.mscapi jdk.dynalink jdk.internal.ed jdk.editpad jdk.hotspot.agent jdk.httpserver jdk.internal.le jdk.internal.vm.ci jdk.internal.vm.compiler jdk.internal.vm.compiler.management jdk.jartool jdk.javadoc jdk.jcmd jdk.management jdk.management.agent jdk.jconsole jdk.jdeps jdk.jdwp.agent jdk.jdi jdk.jfr jdk.jshell jdk.jsobject jdk.jstatd jdk.localedata jdk.management.jfr jdk.naming.dns jdk.naming.rmi jdk.net jdk.nio.mapmode jdk.random jdk.sctp jdk.security.auth jdk.security.jgss jdk.unsupported jdk.unsupported.desktop jdk.xml.dom" 

Environment Variables:
PATH=C:\Program Files\Common Files\Oracle\Java\javapath;C:\Python312\Scripts\;C:\Python312\;C:\WINDOWS\system32;C:\WINDOWS;C:\WINDOWS\System32\Wbem;C:\WINDOWS\System32\WindowsPowerShell\v1.0\;C:\WINDOWS\System32\OpenSSH\;C:\Program Files\nodejs\;C:\ProgramData\chocolatey\bin;C:\xampp\php;C:\Program Files\Git\cmd;C:\tool\dev_C\Dev-Cpp;C:\Program Files\Cloudflare\Cloudflare WARP\;C:\Program Files\Java\jdk-25\bin;C:\Program Files\Microsoft SQL Server\170\Tools\Binn\;C:\Program Files\Microsoft SQL Server\Client SDK\ODBC\170\Tools\Binn\;C:\Program Files\dotnet\;C:\Program Files (x86)\Windows Kits\10\Windows Performance Toolkit\;C:\Program Files\MySQL\MySQL Shell 8.0\bin\;C:\Users\Lenovo\AppData\Local\Microsoft\WindowsApps;C:\Users\Lenovo\AppData\Roaming\npm;C:\Users\Lenovo\AppData\Local\Programs\Microsoft VS Code\bin;C:\Users\Lenovo\AppData\Roaming\Composer\vendor\bin;C:\Users\Lenovo\.dotnet\tools;C:\Users\Lenovo\AppData\Local\Programs\Antigravity\bin
USERNAME=Lenovo
OS=Windows_NT
PROCESSOR_IDENTIFIER=Intel64 Family 6 Model 154 Stepping 3, GenuineIntel
TMP=C:\Users\Lenovo\AppData\Local\Temp
TEMP=C:\Users\Lenovo\AppData\Local\Temp




Periodic native trim disabled

---------------  S Y S T E M  ---------------

OS:
 Windows 11 , 64 bit Build 26100 (10.0.26100.8521)
OS uptime: 8 days 23:16 hours
Hyper-V role detected

CPU: total 12 (initial active 12) (6 cores per cpu, 2 threads per core) family 6 model 154 stepping 3 microcode 0x429, cx8, cmov, fxsr, ht, mmx, 3dnowpref, sse, sse2, sse3, ssse3, sse4.1, sse4.2, popcnt, lzcnt, tsc, tscinvbit, avx, avx2, aes, erms, clmul, bmi1, bmi2, adx, sha, fma, vzeroupper, clflush, clflushopt, clwb, hv, serialize, rdtscp, rdpid, fsrm, f16c, cet_ibt, cet_ss
Processor Information for processor 0
  Max Mhz: 2000, Current Mhz: 2000, Mhz Limit: 2000
Processor Information for processor 1
  Max Mhz: 2000, Current Mhz: 2000, Mhz Limit: 2000
Processor Information for processor 2
  Max Mhz: 2000, Current Mhz: 2000, Mhz Limit: 2000
Processor Information for processor 3
  Max Mhz: 2000, Current Mhz: 2000, Mhz Limit: 2000
Processor Information for processor 4
  Max Mhz: 2000, Current Mhz: 2000, Mhz Limit: 2000
Processor Information for processor 5
  Max Mhz: 2000, Current Mhz: 2000, Mhz Limit: 2000
Processor Information for processor 6
  Max Mhz: 2000, Current Mhz: 2000, Mhz Limit: 2000
Processor Information for processor 7
  Max Mhz: 2000, Current Mhz: 2000, Mhz Limit: 2000
Processor Information for processor 8
  Max Mhz: 2000, Current Mhz: 1500, Mhz Limit: 1500
Processor Information for processor 9
  Max Mhz: 2000, Current Mhz: 1500, Mhz Limit: 1500
Processor Information for processor 10
  Max Mhz: 2000, Current Mhz: 1500, Mhz Limit: 1500
Processor Information for processor 11
  Max Mhz: 2000, Current Mhz: 1500, Mhz Limit: 1500

Memory: 4k page, system-wide physical 16076M (1126M free)
TotalPageFile size 55088M (AvailPageFile size 4M)
current process WorkingSet (physical memory assigned to process): 16M, peak: 1018M
current process commit charge ("private bytes"): 1024M, peak: 1072M

vm_info: OpenJDK 64-Bit Server VM (21.0.10+7-LTS) for windows-amd64 JRE (21.0.10+7-LTS), built on 2026-01-20T00:00:00Z by "admin" with MS VC++ 17.12 (VS2022)

END.
