[INFO] Scanning for projects...
[INFO] ------------------------------------------------------------------------
[INFO] Reactor Build Order:
[INFO] 
[INFO] Coffee Chain Backend                                               [pom]
[INFO] coffee-common                                                      [jar]
[INFO] auth-service                                                       [jar]
[INFO] 
[INFO] ------------------< com.coffee:coffee-chain-backend >-------------------
[INFO] Building Coffee Chain Backend 1.0.0                                [1/3]
[INFO]   from pom.xml
[INFO] --------------------------------[ pom ]---------------------------------
[INFO] 
[INFO] >>> spring-boot:3.5.7:run (default-cli) > test-compile @ coffee-chain-backend >>>
[INFO] 
[INFO] <<< spring-boot:3.5.7:run (default-cli) < test-compile @ coffee-chain-backend <<<
[INFO] 
[INFO] 
[INFO] --- spring-boot:3.5.7:run (default-cli) @ coffee-chain-backend ---
[INFO] ------------------------------------------------------------------------
[INFO] Reactor Summary for Coffee Chain Backend 1.0.0:
[INFO] 
[INFO] Coffee Chain Backend ............................... FAILURE [  0.835 s]
[INFO] coffee-common ...................................... SKIPPED
[INFO] auth-service ....................................... SKIPPED
[INFO] ------------------------------------------------------------------------
[INFO] BUILD FAILURE
[INFO] ------------------------------------------------------------------------
[INFO] Total time:  1.679 s
[INFO] Finished at: 2026-06-01T17:31:19+07:00
[INFO] ------------------------------------------------------------------------
[ERROR] Failed to execute goal org.springframework.boot:spring-boot-maven-plugin:3.5.7:run (default-cli) on project coffee-chain-backend: Unable to find a suitable main class, please add a 'mainClass' property -> [Help 1]
[ERROR] 
[ERROR] To see the full stack trace of the errors, re-run Maven with the -e switch.
[ERROR] Re-run Maven using the -X switch to enable full debug logging.
[ERROR] 
[ERROR] For more information about the errors and possible solutions, please read the following articles:
[ERROR] [Help 1] http://cwiki.apache.org/confluence/display/MAVEN/MojoExecutionException
